<?xml version="1.0" encoding="UTF-8"?>
<!-- Generated by org.testng.reporters.JUnitReportReporter -->
<testsuite hostname="PC-20170725TZYG" name="cn.hx.appium.cases.ToyRentCase" tests="6" failures="0" timestamp="18 Oct 2018 02:14:05 GMT" time="287.846" errors="0">
  <testcase name="addCarDetailCase" time="59.062" classname="cn.hx.appium.cases.ToyRentCase"/>
  <testcase name="carOperateCase" time="45.024" classname="cn.hx.appium.cases.ToyRentCase"/>
  <testcase name="rentByCarCase" time="31.809" classname="cn.hx.appium.cases.ToyRentCase"/>
  <testcase name="addCarRentCase" time="116.236" classname="cn.hx.appium.cases.ToyRentCase"/>
  <testcase name="typeAndAgeCase" time="24.316" classname="cn.hx.appium.cases.ToyRentCase"/>
  <testcase name="rentByNowCase" time="11.399" classname="cn.hx.appium.cases.ToyRentCase"/>
</testsuite> <!-- cn.hx.appium.cases.ToyRentCase -->
