<?xml version="1.0" encoding="UTF-8"?>
<!-- Generated by org.testng.reporters.JUnitReportReporter -->
<testsuite hostname="PC-20170725TZYG" name="cn.hx.appium.cases.LoginNewCase" tests="3" failures="0" timestamp="26 Jul 2018 06:09:22 GMT" time="97.587" errors="0">
  <testcase name="weChatLoginCase" time="35.803" classname="cn.hx.appium.cases.LoginNewCase"/>
  <testcase name="QQLoginCase" time="22.891" classname="cn.hx.appium.cases.LoginNewCase"/>
  <testcase name="phoneLoginCase" time="38.893" classname="cn.hx.appium.cases.LoginNewCase"/>
</testsuite> <!-- cn.hx.appium.cases.LoginNewCase -->
