<?xml version="1.0" encoding="UTF-8"?>
<!-- Generated by org.testng.reporters.JUnitReportReporter -->
<testsuite hostname="PC-20170725TZYG" name="cn.hx.appium.cases.ChooseShopCase" tests="2" failures="0" timestamp="18 Oct 2018 02:14:05 GMT" time="26.345" errors="0">
  <testcase name="chooseHistorySpCase" time="18.408" classname="cn.hx.appium.cases.ChooseShopCase"/>
  <testcase name="achooseAllSpCase" time="7.937" classname="cn.hx.appium.cases.ChooseShopCase"/>
</testsuite> <!-- cn.hx.appium.cases.ChooseShopCase -->
