<?xml version="1.0" encoding="UTF-8"?>
<!-- Generated by org.testng.reporters.JUnitReportReporter -->
<testsuite hostname="PC-20170725TZYG" name="cn.hx.appium.cases.ParentSpecialCase" tests="7" failures="0" timestamp="18 Oct 2018 02:14:05 GMT" time="585.389" errors="0">
  <testcase name="checkInfoCase" time="324.613" classname="cn.hx.appium.cases.ParentSpecialCase"/>
  <testcase name="addCarCase" time="71.085" classname="cn.hx.appium.cases.ParentSpecialCase"/>
  <testcase name="updataNumByHomeCase" time="52.192" classname="cn.hx.appium.cases.ParentSpecialCase"/>
  <testcase name="updataNumCase" time="54.752" classname="cn.hx.appium.cases.ParentSpecialCase"/>
  <testcase name="buyByDetailCase" time="16.111" classname="cn.hx.appium.cases.ParentSpecialCase"/>
  <testcase name="buyByCarCase" time="35.299" classname="cn.hx.appium.cases.ParentSpecialCase"/>
  <testcase name="updataNumByListCase" time="31.337" classname="cn.hx.appium.cases.ParentSpecialCase"/>
</testsuite> <!-- cn.hx.appium.cases.ParentSpecialCase -->
