<?xml version="1.0" encoding="UTF-8"?>
<!-- Generated by org.testng.reporters.JUnitReportReporter -->
<testsuite hostname="PC-20170725TZYG" name="cn.hx.appium.cases.ToyStoreCase" tests="4" failures="0" timestamp="18 Oct 2018 02:14:05 GMT" time="89.685" errors="0">
  <testcase name="shareFilterCase" time="39.598" classname="cn.hx.appium.cases.ToyStoreCase"/>
  <testcase name="rentByNowCase" time="12.500" classname="cn.hx.appium.cases.ToyStoreCase"/>
  <testcase name="filterCase" time="8.547" classname="cn.hx.appium.cases.ToyStoreCase"/>
  <testcase name="rentByCarCase" time="29.040" classname="cn.hx.appium.cases.ToyStoreCase"/>
</testsuite> <!-- cn.hx.appium.cases.ToyStoreCase -->
