<?xml version="1.0" encoding="UTF-8"?>
<!-- Generated by org.testng.reporters.JUnitReportReporter -->
<testsuite hostname="PC-20170725TZYG" name="cn.hx.appium.cases.PersonalDataCase" tests="4" failures="0" timestamp="18 Oct 2018 02:14:05 GMT" time="142.648" errors="0">
  <testcase name="phoneFristCase" time="35.419" classname="cn.hx.appium.cases.PersonalDataCase"/>
  <testcase name="QQBindCase" time="34.735" classname="cn.hx.appium.cases.PersonalDataCase"/>
  <testcase name="relatedOneselfCase" time="25.734" classname="cn.hx.appium.cases.PersonalDataCase"/>
  <testcase name="modifyNickCase" time="46.760" classname="cn.hx.appium.cases.PersonalDataCase"/>
</testsuite> <!-- cn.hx.appium.cases.PersonalDataCase -->
