<?xml version="1.0" encoding="UTF-8"?>
<!-- Generated by org.testng.reporters.JUnitReportReporter -->
<testsuite hostname="PC-20170725TZYG" name="cn.hx.appium.cases.BabyFileCase" tests="3" failures="0" timestamp="18 Oct 2018 02:14:05 GMT" time="82.707" errors="0">
  <testcase name="addGBabyCase" time="26.067" classname="cn.hx.appium.cases.BabyFileCase"/>
  <testcase name="addBBabyCase" time="26.581" classname="cn.hx.appium.cases.BabyFileCase"/>
  <testcase name="modifyBabyCase" time="30.059" classname="cn.hx.appium.cases.BabyFileCase"/>
</testsuite> <!-- cn.hx.appium.cases.BabyFileCase -->
