<?xml version="1.0" encoding="UTF-8"?>
<!-- Generated by org.testng.reporters.JUnitReportReporter -->
<testsuite hostname="PC-20170725TZYG" name="cn.hx.appium.cases.RandomPlayCase" tests="3" failures="0" timestamp="18 Oct 2018 02:14:05 GMT" time="124.124" errors="0">
  <testcase name="compareGoodsCase" time="6.084" classname="cn.hx.appium.cases.RandomPlayCase"/>
  <testcase name="buyByCarCase" time="21.676" classname="cn.hx.appium.cases.RandomPlayCase"/>
  <testcase name="checkInfoCase" time="96.364" classname="cn.hx.appium.cases.RandomPlayCase"/>
</testsuite> <!-- cn.hx.appium.cases.RandomPlayCase -->
