<?xml version="1.0" encoding="UTF-8"?>
<!-- Generated by org.testng.reporters.JUnitReportReporter -->
<testsuite hostname="PC-20170725TZYG" name="cn.hx.appium.cases.MeCase" tests="3" failures="0" timestamp="18 Oct 2018 02:14:05 GMT" time="87.892" errors="0">
  <testcase name="checkGoldCase" time="33.770" classname="cn.hx.appium.cases.MeCase"/>
  <testcase name="feedbackCase" time="20.380" classname="cn.hx.appium.cases.MeCase"/>
  <testcase name="checkIntegralCase" time="33.742" classname="cn.hx.appium.cases.MeCase"/>
</testsuite> <!-- cn.hx.appium.cases.MeCase -->
