<?xml version="1.0" encoding="UTF-8"?>
<!-- Generated by org.testng.reporters.JUnitReportReporter -->
<testsuite hostname="PC-20170725TZYG" name="cn.hx.appium.cases.ExchangeTicketCase" tests="3" failures="0" timestamp="18 Oct 2018 02:14:05 GMT" time="53.791" errors="0">
  <testcase name="intExchangeCase" time="9.564" classname="cn.hx.appium.cases.ExchangeTicketCase"/>
  <testcase name="goldExchangeCase" time="11.294" classname="cn.hx.appium.cases.ExchangeTicketCase"/>
  <testcase name="checkNumCase" time="32.933" classname="cn.hx.appium.cases.ExchangeTicketCase"/>
</testsuite> <!-- cn.hx.appium.cases.ExchangeTicketCase -->
