<?xml version="1.0" encoding="UTF-8"?>
<!-- Generated by org.testng.reporters.JUnitReportReporter -->
<testsuite hostname="PC-20170725TZYG" name="cn.hx.appium.cases.ExchangeTicketCase" tests="6" failures="0" timestamp="24 Oct 2018 02:17:40 GMT" time="137.627" errors="0">
  <testcase name="checkNumCase" time="35.581" classname="cn.hx.appium.cases.ExchangeTicketCase"/>
  <testcase name="intExchangeCase" time="10.981" classname="cn.hx.appium.cases.ExchangeTicketCase"/>
  <testcase name="checkNumCase" time="33.140" classname="cn.hx.appium.cases.ExchangeTicketCase"/>
  <testcase name="goldExchangeCase" time="22.516" classname="cn.hx.appium.cases.ExchangeTicketCase"/>
  <testcase name="intExchangeCase" time="22.283" classname="cn.hx.appium.cases.ExchangeTicketCase"/>
  <testcase name="goldExchangeCase" time="13.126" classname="cn.hx.appium.cases.ExchangeTicketCase"/>
</testsuite> <!-- cn.hx.appium.cases.ExchangeTicketCase -->
