<?xml version="1.0" encoding="UTF-8"?>
<!-- Generated by org.testng.reporters.JUnitReportReporter -->
<testsuite hostname="PC-20170725TZYG" name="cn.hx.appium.cases.MeCase" tests="6" failures="0" timestamp="24 Oct 2018 02:17:40 GMT" time="173.519" errors="0">
  <testcase name="checkGoldCase" time="33.255" classname="cn.hx.appium.cases.MeCase"/>
  <testcase name="feedbackCase" time="19.229" classname="cn.hx.appium.cases.MeCase"/>
  <testcase name="checkIntegralCase" time="32.987" classname="cn.hx.appium.cases.MeCase"/>
  <testcase name="checkGoldCase" time="34.419" classname="cn.hx.appium.cases.MeCase"/>
  <testcase name="feedbackCase" time="19.948" classname="cn.hx.appium.cases.MeCase"/>
  <testcase name="checkIntegralCase" time="33.681" classname="cn.hx.appium.cases.MeCase"/>
</testsuite> <!-- cn.hx.appium.cases.MeCase -->
