<?xml version="1.0" encoding="UTF-8"?>
<!-- Generated by org.testng.reporters.JUnitReportReporter -->
<testsuite hostname="PC-20170725TZYG" name="cn.hx.appium.cases.LoginRegisterCase" tests="1" failures="0" timestamp="24 Oct 2018 07:36:25 GMT" time="21.816" errors="0">
  <testcase name="qqLoginCase" time="21.816" classname="cn.hx.appium.cases.LoginRegisterCase"/>
</testsuite> <!-- cn.hx.appium.cases.LoginRegisterCase -->
