<?xml version="1.0" encoding="UTF-8"?>
<!-- Generated by org.testng.reporters.JUnitReportReporter -->
<testsuite hostname="PC-20170725TZYG" name="cn.hx.appium.cases.ParentSpecialCase" tests="14" failures="0" timestamp="24 Oct 2018 02:17:40 GMT" time="862.317" errors="0">
  <testcase name="updataNumByHomeCase" time="49.526" classname="cn.hx.appium.cases.ParentSpecialCase"/>
  <testcase name="updataNumByListCase" time="36.371" classname="cn.hx.appium.cases.ParentSpecialCase"/>
  <testcase name="updataNumCase" time="49.193" classname="cn.hx.appium.cases.ParentSpecialCase"/>
  <testcase name="updataNumByListCase" time="31.971" classname="cn.hx.appium.cases.ParentSpecialCase"/>
  <testcase name="buyByDetailCase" time="16.064" classname="cn.hx.appium.cases.ParentSpecialCase"/>
  <testcase name="addCarCase" time="65.996" classname="cn.hx.appium.cases.ParentSpecialCase"/>
  <testcase name="addCarCase" time="69.209" classname="cn.hx.appium.cases.ParentSpecialCase"/>
  <testcase name="checkInfoCase" time="172.781" classname="cn.hx.appium.cases.ParentSpecialCase"/>
  <testcase name="updataNumByHomeCase" time="51.032" classname="cn.hx.appium.cases.ParentSpecialCase"/>
  <testcase name="buyByCarCase" time="37.503" classname="cn.hx.appium.cases.ParentSpecialCase"/>
  <testcase name="checkInfoCase" time="189.893" classname="cn.hx.appium.cases.ParentSpecialCase"/>
  <testcase name="updataNumCase" time="45.132" classname="cn.hx.appium.cases.ParentSpecialCase"/>
  <testcase name="buyByDetailCase" time="15.770" classname="cn.hx.appium.cases.ParentSpecialCase"/>
  <testcase name="buyByCarCase" time="31.876" classname="cn.hx.appium.cases.ParentSpecialCase"/>
</testsuite> <!-- cn.hx.appium.cases.ParentSpecialCase -->
