<?xml version="1.0" encoding="UTF-8"?>
<!-- Generated by org.testng.reporters.JUnitReportReporter -->
<testsuite hostname="PC-20170725TZYG" name="cn.hx.appium.cases.RandomPlayCase" tests="6" failures="0" timestamp="24 Oct 2018 02:17:40 GMT" time="337.785" errors="0">
  <testcase name="compareGoodsCase" time="6.114" classname="cn.hx.appium.cases.RandomPlayCase"/>
  <testcase name="buyByCarCase" time="16.046" classname="cn.hx.appium.cases.RandomPlayCase"/>
  <testcase name="buyByCarCase" time="22.063" classname="cn.hx.appium.cases.RandomPlayCase"/>
  <testcase name="checkInfoCase" time="141.166" classname="cn.hx.appium.cases.RandomPlayCase"/>
  <testcase name="checkInfoCase" time="146.788" classname="cn.hx.appium.cases.RandomPlayCase"/>
  <testcase name="compareGoodsCase" time="5.608" classname="cn.hx.appium.cases.RandomPlayCase"/>
</testsuite> <!-- cn.hx.appium.cases.RandomPlayCase -->
