<?xml version="1.0" encoding="UTF-8"?>
<!-- Generated by org.testng.reporters.JUnitReportReporter -->
<testsuite hostname="PC-20170725TZYG" name="cn.hx.appium.cases.ChooseShopCase" tests="2" failures="0" timestamp="24 Oct 2018 07:36:25 GMT" time="24.510" errors="0">
  <testcase name="achooseAllSpCase" time="7.284" classname="cn.hx.appium.cases.ChooseShopCase"/>
  <testcase name="chooseHistorySpCase" time="17.226" classname="cn.hx.appium.cases.ChooseShopCase"/>
</testsuite> <!-- cn.hx.appium.cases.ChooseShopCase -->
