<?xml version="1.0" encoding="UTF-8"?>
<!-- Generated by org.testng.reporters.JUnitReportReporter -->
<testsuite hostname="PC-20170725TZYG" name="cn.hx.appium.cases.PersonalDataCase" tests="4" failures="0" timestamp="24 Oct 2018 02:17:40 GMT" time="162.686" errors="0">
  <testcase name="QQBindCase" time="33.542" classname="cn.hx.appium.cases.PersonalDataCase"/>
  <testcase name="modifyNickCase" time="46.350" classname="cn.hx.appium.cases.PersonalDataCase"/>
  <testcase name="QQBindCase" time="35.675" classname="cn.hx.appium.cases.PersonalDataCase"/>
  <testcase name="modifyNickCase" time="47.119" classname="cn.hx.appium.cases.PersonalDataCase"/>
</testsuite> <!-- cn.hx.appium.cases.PersonalDataCase -->
