<?xml version="1.0" encoding="UTF-8"?>
<!-- Generated by org.testng.reporters.JUnitReportReporter -->
<testsuite hostname="PC-20170725TZYG" name="cn.hx.appium.cases.test2" tests="5" failures="0" timestamp="23 Oct 2018 01:44:04 GMT" time="0.002" errors="0">
  <testcase name="t1" time="0.001" classname="cn.hx.appium.cases.test2"/>
  <testcase name="o2" time="0.000" classname="cn.hx.appium.cases.test2"/>
  <testcase name="o3" time="0.000" classname="cn.hx.appium.cases.test2"/>
  <testcase name="o4" time="0.001" classname="cn.hx.appium.cases.test2"/>
  <testcase name="o5" time="0.000" classname="cn.hx.appium.cases.test2"/>
</testsuite> <!-- cn.hx.appium.cases.test2 -->
