<?xml version="1.0" encoding="UTF-8"?>
<!-- Generated by org.testng.reporters.JUnitReportReporter -->
<testsuite hostname="PC-20170725TZYG" name="cn.hx.appium.cases.BabyFileCase" tests="6" failures="0" timestamp="24 Oct 2018 02:17:40 GMT" time="162.860" errors="0">
  <testcase name="addGBabyCase" time="25.579" classname="cn.hx.appium.cases.BabyFileCase"/>
  <testcase name="modifyBabyCase" time="27.828" classname="cn.hx.appium.cases.BabyFileCase"/>
  <testcase name="addGBabyCase" time="26.934" classname="cn.hx.appium.cases.BabyFileCase"/>
  <testcase name="modifyBabyCase" time="28.515" classname="cn.hx.appium.cases.BabyFileCase"/>
  <testcase name="addBBabyCase" time="27.357" classname="cn.hx.appium.cases.BabyFileCase"/>
  <testcase name="addBBabyCase" time="26.647" classname="cn.hx.appium.cases.BabyFileCase"/>
</testsuite> <!-- cn.hx.appium.cases.BabyFileCase -->
