<?xml version="1.0" encoding="UTF-8"?>
<!-- Generated by org.testng.reporters.JUnitReportReporter -->
<testsuite hostname="PC-20170725TZYG" name="cn.hx.appium.cases.test3" tests="5" failures="0" timestamp="23 Oct 2018 01:44:04 GMT" time="0.000" errors="0">
  <testcase name="t2" time="0.000" classname="cn.hx.appium.cases.test3"/>
  <testcase name="t1" time="0.000" classname="cn.hx.appium.cases.test3"/>
  <testcase name="t5" time="0.000" classname="cn.hx.appium.cases.test3"/>
  <testcase name="t3" time="0.000" classname="cn.hx.appium.cases.test3"/>
  <testcase name="t4" time="0.000" classname="cn.hx.appium.cases.test3"/>
</testsuite> <!-- cn.hx.appium.cases.test3 -->
