<?xml version="1.0" encoding="UTF-8"?>
<!-- Generated by org.testng.reporters.JUnitReportReporter -->
<testsuite hostname="PC-20170725TZYG" name="cn.hx.appium.cases.ToyStoreCase" tests="8" failures="0" timestamp="24 Oct 2018 02:17:40 GMT" time="176.961" errors="0">
  <testcase name="filterCase" time="8.546" classname="cn.hx.appium.cases.ToyStoreCase"/>
  <testcase name="shareFilterCase" time="40.325" classname="cn.hx.appium.cases.ToyStoreCase"/>
  <testcase name="shareFilterCase" time="40.549" classname="cn.hx.appium.cases.ToyStoreCase"/>
  <testcase name="rentByCarCase" time="25.531" classname="cn.hx.appium.cases.ToyStoreCase"/>
  <testcase name="rentByNowCase" time="13.514" classname="cn.hx.appium.cases.ToyStoreCase"/>
  <testcase name="rentByCarCase" time="27.728" classname="cn.hx.appium.cases.ToyStoreCase"/>
  <testcase name="filterCase" time="8.536" classname="cn.hx.appium.cases.ToyStoreCase"/>
  <testcase name="rentByNowCase" time="12.232" classname="cn.hx.appium.cases.ToyStoreCase"/>
</testsuite> <!-- cn.hx.appium.cases.ToyStoreCase -->
